<?xml version="1.0" encoding="utf-8"?><testsuites name="pytest tests"><testsuite name="pytest" errors="0" failures="0" skipped="0" tests="17" time="17.429" timestamp="2026-04-30T13:11:28.803670+00:00" hostname="agent-env-45e21136-5abf-4303-9d27-9613e2ce58a0"><testcase classname="backend.tests.test_vyro_backend.TestHealth" name="test_root" time="0.274" /><testcase classname="backend.tests.test_vyro_backend.TestAuth" name="test_signup_new_user_returns_token_and_public_user" time="0.280" /><testcase classname="backend.tests.test_vyro_backend.TestAuth" name="test_signup_duplicate_email_400" time="0.323" /><testcase classname="backend.tests.test_vyro_backend.TestAuth" name="test_login_success" time="0.000" /><testcase classname="backend.tests.test_vyro_backend.TestAuth" name="test_login_invalid_password_401" time="0.271" /><testcase classname="backend.tests.test_vyro_backend.TestAuth" name="test_me_with_bearer_token" time="0.047" /><testcase classname="backend.tests.test_vyro_backend.TestAuth" name="test_me_without_token_401" time="0.143" /><testcase classname="backend.tests.test_vyro_backend.TestAuth" name="test_me_invalid_token_401" time="0.054" /><testcase classname="backend.tests.test_vyro_backend.TestVehicle" name="test_update_vehicle_truck_persists" time="0.364" /><testcase classname="backend.tests.test_vyro_backend.TestReports" name="test_create_report_returns_ai_score_reason_xp" time="5.771" /><testcase classname="backend.tests.test_vyro_backend.TestReports" name="test_list_reports_excludes_id_and_contains_created" time="0.046" /><testcase classname="backend.tests.test_vyro_backend.TestReports" name="test_vote_confirm_increments_and_changes_trust" time="0.201" /><testcase classname="backend.tests.test_vyro_backend.TestReports" name="test_vote_deny_decrements_reporter_trust" time="0.149" /><testcase classname="backend.tests.test_vyro_backend.TestReports" name="test_vote_unknown_report_404" time="0.049" /><testcase classname="backend.tests.test_vyro_backend.TestLeaderboard" name="test_leaderboard_sorted_no_sensitive_fields" time="0.053" /><testcase classname="backend.tests.test_vyro_backend.TestRoute" name="test_route_suggest_default_car" time="4.257" /><testcase classname="backend.tests.test_vyro_backend.TestRoute" name="test_route_suggest_truck_includes_warnings" time="4.953" /></testsuite></testsuites>